<?xml version="1.0" encoding="UTF-8"?>
<testng-results ignored="0" total="3" passed="3" failed="0" skipped="0">
  <reporter-output>
  </reporter-output>
  <suite started-at="2021-05-05T17:06:53 IST" name="Default suite" finished-at="2021-05-05T17:07:16 IST" duration-ms="23164">
    <groups>
    </groups>
    <test started-at="2021-05-05T17:06:53 IST" name="Default test" finished-at="2021-05-05T17:07:16 IST" duration-ms="23164">
      <class name="testCases.Test1">
        <test-method is-config="true" signature="beforeMethod()[pri:0, instance:testCases.Test1@7880cdf3]" started-at="2021-05-05T17:06:53 IST" name="beforeMethod" finished-at="2021-05-05T17:06:57 IST" duration-ms="4227" status="PASS">
          <reporter-output>
          </reporter-output>
        </test-method> <!-- beforeMethod -->
        <test-method signature="test1(java.lang.String,java.lang.String)[pri:0, instance:testCases.Test1@7880cdf3]" started-at="2021-05-05T17:06:57 IST" name="test1" data-provider="SearchProvider" finished-at="2021-05-05T17:07:00 IST" duration-ms="3158" status="PASS">
          <params>
            <param index="0">
              <value>
                <![CDATA[Guru99]]>
              </value>
            </param>
            <param index="1">
              <value>
                <![CDATA[India]]>
              </value>
            </param>
          </params>
          <reporter-output>
          </reporter-output>
        </test-method> <!-- test1 -->
        <test-method is-config="true" signature="afterMethod()[pri:0, instance:testCases.Test1@7880cdf3]" started-at="2021-05-05T17:07:00 IST" name="afterMethod" finished-at="2021-05-05T17:07:01 IST" duration-ms="801" status="PASS">
          <reporter-output>
          </reporter-output>
        </test-method> <!-- afterMethod -->
        <test-method is-config="true" signature="beforeMethod()[pri:0, instance:testCases.Test1@7880cdf3]" started-at="2021-05-05T17:07:01 IST" name="beforeMethod" finished-at="2021-05-05T17:07:04 IST" duration-ms="2979" status="PASS">
          <reporter-output>
          </reporter-output>
        </test-method> <!-- beforeMethod -->
        <test-method signature="test1(java.lang.String,java.lang.String)[pri:0, instance:testCases.Test1@7880cdf3]" started-at="2021-05-05T17:07:04 IST" name="test1" data-provider="SearchProvider" finished-at="2021-05-05T17:07:07 IST" duration-ms="3151" status="PASS">
          <params>
            <param index="0">
              <value>
                <![CDATA[Krishna]]>
              </value>
            </param>
            <param index="1">
              <value>
                <![CDATA[UK]]>
              </value>
            </param>
          </params>
          <reporter-output>
          </reporter-output>
        </test-method> <!-- test1 -->
        <test-method is-config="true" signature="afterMethod()[pri:0, instance:testCases.Test1@7880cdf3]" started-at="2021-05-05T17:07:07 IST" name="afterMethod" finished-at="2021-05-05T17:07:08 IST" duration-ms="1170" status="PASS">
          <reporter-output>
          </reporter-output>
        </test-method> <!-- afterMethod -->
        <test-method is-config="true" signature="beforeMethod()[pri:0, instance:testCases.Test1@7880cdf3]" started-at="2021-05-05T17:07:08 IST" name="beforeMethod" finished-at="2021-05-05T17:07:12 IST" duration-ms="3311" status="PASS">
          <reporter-output>
          </reporter-output>
        </test-method> <!-- beforeMethod -->
        <test-method signature="test1(java.lang.String,java.lang.String)[pri:0, instance:testCases.Test1@7880cdf3]" started-at="2021-05-05T17:07:12 IST" name="test1" data-provider="SearchProvider" finished-at="2021-05-05T17:07:15 IST" duration-ms="3122" status="PASS">
          <params>
            <param index="0">
              <value>
                <![CDATA[Bhupesh]]>
              </value>
            </param>
            <param index="1">
              <value>
                <![CDATA[USA]]>
              </value>
            </param>
          </params>
          <reporter-output>
          </reporter-output>
        </test-method> <!-- test1 -->
        <test-method is-config="true" signature="afterMethod()[pri:0, instance:testCases.Test1@7880cdf3]" started-at="2021-05-05T17:07:15 IST" name="afterMethod" finished-at="2021-05-05T17:07:16 IST" duration-ms="1180" status="PASS">
          <reporter-output>
          </reporter-output>
        </test-method> <!-- afterMethod -->
      </class> <!-- testCases.Test1 -->
    </test> <!-- Default test -->
  </suite> <!-- Default suite -->
</testng-results>
