<?xml version="1.0" encoding="UTF-8"?>
<testng-results ignored="0" total="1" passed="1" failed="0" skipped="0">
  <reporter-output>
  </reporter-output>
  <suite started-at="2021-05-07T14:49:48 IST" name="Default suite" finished-at="2021-05-07T14:49:52 IST" duration-ms="4292">
    <groups>
    </groups>
    <test started-at="2021-05-07T14:49:48 IST" name="Default test" finished-at="2021-05-07T14:49:52 IST" duration-ms="4292">
      <class name="testCases.Test9">
        <test-method is-config="true" signature="beforeMethod()[pri:0, instance:testCases.Test9@4386f16]" started-at="2021-05-07T14:49:48 IST" name="beforeMethod" finished-at="2021-05-07T14:49:50 IST" duration-ms="1771" status="PASS">
          <reporter-output>
          </reporter-output>
        </test-method> <!-- beforeMethod -->
        <test-method signature="f()[pri:0, instance:testCases.Test9@4386f16]" started-at="2021-05-07T14:49:50 IST" name="f" finished-at="2021-05-07T14:49:52 IST" duration-ms="2164" status="PASS">
          <reporter-output>
          </reporter-output>
        </test-method> <!-- f -->
        <test-method is-config="true" signature="afterMethod()[pri:0, instance:testCases.Test9@4386f16]" started-at="2021-05-07T14:49:52 IST" name="afterMethod" finished-at="2021-05-07T14:49:52 IST" duration-ms="295" status="PASS">
          <reporter-output>
          </reporter-output>
        </test-method> <!-- afterMethod -->
      </class> <!-- testCases.Test9 -->
    </test> <!-- Default test -->
  </suite> <!-- Default suite -->
</testng-results>
